Build started 1/4/2017 6:16:02 PM.
     1>Project "D:\Self study\Miniوصلني\Miniوصلني\Miniوصلني.vcxproj" on node 2 (Rebuild target(s)).
     1>ClCompile:
         C:\Program Files (x86)\Microsoft Visual Studio 12.0\VC\bin\CL.exe /c /ZI /nologo /W3 /WX- /sdl /Od /Oy- /D _UNICODE /D UNICODE /Gm /EHsc /RTC1 /MDd /GS /fp:precise /Zc:wchar_t /Zc:forScope /Fo"Debug\\" /Fd"Debug\vc120.pdb" /Gd /TP /analyze- /errorReport:prompt Grid.cpp prim.cpp Source.cpp WGraph.cpp
         WGraph.cpp
     1>d:\self study\miniوصلني\miniوصلني\wgraph.h(24): warning C4351: new behavior: elements of array 'WGraph::AdjMatrix1' will be default initialized
     1>d:\self study\miniوصلني\miniوصلني\wgraph.cpp(32): warning C4018: '<' : signed/unsigned mismatch
     1>d:\self study\miniوصلني\miniوصلني\wgraph.cpp(38): warning C4018: '<' : signed/unsigned mismatch
     1>d:\self study\miniوصلني\miniوصلني\wgraph.cpp(54): warning C4018: '<' : signed/unsigned mismatch
     1>d:\self study\miniوصلني\miniوصلني\wgraph.cpp(61): warning C4018: '<' : signed/unsigned mismatch
     1>d:\self study\miniوصلني\miniوصلني\wgraph.cpp(62): warning C4018: '<' : signed/unsigned mismatch
     1>d:\self study\miniوصلني\miniوصلني\wgraph.cpp(82): warning C4018: '<' : signed/unsigned mismatch
     1>d:\self study\miniوصلني\miniوصلني\wgraph.cpp(125): warning C4018: '<' : signed/unsigned mismatch
     1>d:\self study\miniوصلني\miniوصلني\wgraph.cpp(126): warning C4018: '<' : signed/unsigned mismatch
     1>d:\self study\miniوصلني\miniوصلني\wgraph.cpp(141): warning C4018: '<' : signed/unsigned mismatch
     1>d:\self study\miniوصلني\miniوصلني\wgraph.cpp(142): warning C4018: '<' : signed/unsigned mismatch
     1>d:\self study\miniوصلني\miniوصلني\wgraph.cpp(156): warning C4018: '<' : signed/unsigned mismatch
     1>d:\self study\miniوصلني\miniوصلني\wgraph.cpp(163): warning C4018: '<' : signed/unsigned mismatch
         Source.cpp
     1>d:\self study\miniوصلني\miniوصلني\wgraph.h(24): warning C4351: new behavior: elements of array 'WGraph::AdjMatrix1' will be default initialized
         prim.cpp
         Grid.cpp
         Generating Code...
     1>d:\self study\miniوصلني\miniوصلني\wgraph.cpp(122): warning C4715: 'WGraph::Convert' : not all control paths return a value
       Link:
         C:\Program Files (x86)\Microsoft Visual Studio 12.0\VC\bin\link.exe /ERRORREPORT:PROMPT /OUT:"D:\Self study\Miniوصلني\Debug\Miniوصلني.exe" /INCREMENTAL /NOLOGO kernel32.lib user32.lib gdi32.lib winspool.lib comdlg32.lib advapi32.lib shell32.lib ole32.lib oleaut32.lib uuid.lib odbc32.lib odbccp32.lib /MANIFEST /MANIFESTUAC:"level='asInvoker' uiAccess='false'" /manifest:embed /DEBUG /PDB:"D:\Self study\Miniوصلني\Debug\Miniوصلني.pdb" /TLBID:1 /DYNAMICBASE /NXCOMPAT /IMPLIB:"D:\Self study\Miniوصلني\Debug\Miniوصلني.lib" /MACHINE:X86 Debug\Grid.obj
         Debug\prim.obj
         Debug\Source.obj
         Debug\WGraph.obj
         Miniوصلني.vcxproj -> D:\Self study\Miniوصلني\Debug\Miniوصلني.exe
     1>Done Building Project "D:\Self study\Miniوصلني\Miniوصلني\Miniوصلني.vcxproj" (Rebuild target(s)).

Build succeeded.

Time Elapsed 00:00:10.12
